2025-10-15 21:52:59.728366: I external/local_xla/xla/tsl/cuda/cudart_stub.cc:31] Could not find cuda drivers on your machine, GPU will not be used.
2025-10-15 21:53:32.077624: I external/local_xla/xla/tsl/cuda/cudart_stub.cc:31] Could not find cuda drivers on your machine, GPU will not be used.
Traceback (most recent call last):
  File "NetLogoLink.java", line 56, in netLogoLink.NetLogoLink.<init>
Exception: Java Exception

The above exception was the direct cause of the following exception:

Traceback (most recent call last):
  File "/home-mscluster/travhengani/Strict-vs.-Lenient-Tax-Enforcement-in-Sugarscape/dqn.py", line 1028, in main
    sim = DQNTaxSimulation(netlogo_path, gui=USE_GUI)
  File "/home-mscluster/travhengani/Strict-vs.-Lenient-Tax-Enforcement-in-Sugarscape/dqn.py", line 426, in __init__
    self.netlogo = pynetlogo.NetLogoLink(gui=gui, netlogo_home=netlogo_path)
                   ~~~~~~~~~~~~~~~~~~~~~^^^^^^^^^^^^^^^^^^^^^^^^^^^^^^^^^^^^
  File "/home-mscluster/travhengani/miniconda3/lib/python3.13/site-packages/pynetlogo/core.py", line 224, in __init__
    self.link = NetLogoLink(jpype.java.lang.Boolean(gui), jpype.java.lang.Boolean(thd))
                ~~~~~~~~~~~^^^^^^^^^^^^^^^^^^^^^^^^^^^^^^^^^^^^^^^^^^^^^^^^^^^^^^^^^^^^
java.awt.java.awt.HeadlessException: java.awt.HeadlessException: 
No X11 DISPLAY variable was set,
or no headful library support was found,
but this program performed an operation which requires it,

